<?xml version="1.0" encoding="UTF-8"?>
<testng-results ignored="0" total="1" passed="1" failed="0" skipped="0">
  <reporter-output>
  </reporter-output>
  <suite started-at="2023-12-22T02:20:48 IST" name="Default suite" finished-at="2023-12-22T02:21:09 IST" duration-ms="21324">
    <groups>
    </groups>
    <test started-at="2023-12-22T02:20:48 IST" name="Default test" finished-at="2023-12-22T02:21:09 IST" duration-ms="21324">
      <class name="testCases.LoginPage">
        <test-method is-config="true" signature="setup()[pri:0, instance:testCases.LoginPage@247310d0]" started-at="2023-12-22T02:20:48 IST" name="setup" finished-at="2023-12-22T02:20:57 IST" duration-ms="9498" status="PASS">
          <reporter-output>
          </reporter-output>
        </test-method> <!-- setup -->
        <test-method signature="loginTest()[pri:0, instance:testCases.LoginPage@247310d0]" started-at="2023-12-22T02:20:57 IST" name="loginTest" finished-at="2023-12-22T02:21:09 IST" duration-ms="11271" status="PASS">
          <reporter-output>
          </reporter-output>
        </test-method> <!-- loginTest -->
        <test-method is-config="true" signature="tearDown()[pri:0, instance:testCases.LoginPage@247310d0]" started-at="2023-12-22T02:21:09 IST" name="tearDown" finished-at="2023-12-22T02:21:09 IST" duration-ms="370" status="PASS">
          <reporter-output>
          </reporter-output>
        </test-method> <!-- tearDown -->
      </class> <!-- testCases.LoginPage -->
    </test> <!-- Default test -->
  </suite> <!-- Default suite -->
</testng-results>
